Analysis & Synthesis report for practica3
Thu Sep 25 12:59:33 2025
Quartus II Version 9.1 Build 350 03/24/2010 Service Pack 2 SJ Web Edition


---------------------
; Table of Contents ;
---------------------
  1. Legal Notice
  2. Analysis & Synthesis Summary
  3. Analysis & Synthesis Settings
  4. Parallel Compilation
  5. Analysis & Synthesis Messages



----------------
; Legal Notice ;
----------------
Copyright (C) 1991-2010 Altera Corporation
Your use of Altera Corporation's design tools, logic functions 
and other software and tools, and its AMPP partner logic 
functions, and any output files from any of the foregoing 
(including device programming or simulation files), and any 
associated documentation or information are expressly subject 
to the terms and conditions of the Altera Program License 
Subscription Agreement, Altera MegaCore Function License 
Agreement, or other applicable license agreement, including, 
without limitation, that your use is for the sole purpose of 
programming logic devices manufactured by Altera and sold by 
Altera or its authorized distributors.  Please refer to the 
applicable agreement for further details.



+-----------------------------------------------------------------------------------+
; Analysis & Synthesis Summary                                                      ;
+------------------------------------+----------------------------------------------+
; Analysis & Synthesis Status        ; Failed - Thu Sep 25 12:59:33 2025            ;
; Quartus II Version                 ; 9.1 Build 350 03/24/2010 SP 2 SJ Web Edition ;
; Revision Name                      ; practica3                                    ;
; Top-level Entity Name              ; practica3                                    ;
; Family                             ; Cyclone IV E                                 ;
; Total logic elements               ; N/A until Partition Merge                    ;
;     Total combinational functions  ; N/A until Partition Merge                    ;
;     Dedicated logic registers      ; N/A until Partition Merge                    ;
; Total registers                    ; N/A until Partition Merge                    ;
; Total pins                         ; N/A until Partition Merge                    ;
; Total virtual pins                 ; N/A until Partition Merge                    ;
; Total memory bits                  ; N/A until Partition Merge                    ;
; Embedded Multiplier 9-bit elements ; N/A until Partition Merge                    ;
; Total PLLs                         ; N/A until Partition Merge                    ;
+------------------------------------+----------------------------------------------+


+----------------------------------------------------------------------------------------------------------------------+
; Analysis & Synthesis Settings                                                                                        ;
+----------------------------------------------------------------------------+--------------------+--------------------+
; Option                                                                     ; Setting            ; Default Value      ;
+----------------------------------------------------------------------------+--------------------+--------------------+
; Device                                                                     ; EP4CE22F17C6       ;                    ;
; Top-level entity name                                                      ; practica3          ; practica3          ;
; Family name                                                                ; Cyclone IV E       ; Stratix II         ;
; Use Generated Physical Constraints File                                    ; Off                ;                    ;
; Use smart compilation                                                      ; Off                ; Off                ;
; Enable parallel Assembler and TimeQuest Timing Analyzer during compilation ; On                 ; On                 ;
; Enable compact report table                                                ; Off                ; Off                ;
; Restructure Multiplexers                                                   ; Auto               ; Auto               ;
; Create Debugging Nodes for IP Cores                                        ; Off                ; Off                ;
; Preserve fewer node names                                                  ; On                 ; On                 ;
; Disable OpenCore Plus hardware evaluation                                  ; Off                ; Off                ;
; Verilog Version                                                            ; Verilog_2001       ; Verilog_2001       ;
; VHDL Version                                                               ; VHDL_1993          ; VHDL_1993          ;
; State Machine Processing                                                   ; Auto               ; Auto               ;
; Safe State Machine                                                         ; Off                ; Off                ;
; Extract Verilog State Machines                                             ; On                 ; On                 ;
; Extract VHDL State Machines                                                ; On                 ; On                 ;
; Ignore Verilog initial constructs                                          ; Off                ; Off                ;
; Iteration limit for constant Verilog loops                                 ; 5000               ; 5000               ;
; Iteration limit for non-constant Verilog loops                             ; 250                ; 250                ;
; Add Pass-Through Logic to Inferred RAMs                                    ; On                 ; On                 ;
; Parallel Synthesis                                                         ; On                 ; On                 ;
; DSP Block Balancing                                                        ; Auto               ; Auto               ;
; NOT Gate Push-Back                                                         ; On                 ; On                 ;
; Power-Up Don't Care                                                        ; On                 ; On                 ;
; Remove Redundant Logic Cells                                               ; Off                ; Off                ;
; Remove Duplicate Registers                                                 ; On                 ; On                 ;
; Ignore CARRY Buffers                                                       ; Off                ; Off                ;
; Ignore CASCADE Buffers                                                     ; Off                ; Off                ;
; Ignore GLOBAL Buffers                                                      ; Off                ; Off                ;
; Ignore ROW GLOBAL Buffers                                                  ; Off                ; Off                ;
; Ignore LCELL Buffers                                                       ; Off                ; Off                ;
; Ignore SOFT Buffers                                                        ; On                 ; On                 ;
; Limit AHDL Integers to 32 Bits                                             ; Off                ; Off                ;
; Optimization Technique                                                     ; Balanced           ; Balanced           ;
; Carry Chain Length                                                         ; 70                 ; 70                 ;
; Auto Carry Chains                                                          ; On                 ; On                 ;
; Auto Open-Drain Pins                                                       ; On                 ; On                 ;
; Perform WYSIWYG Primitive Resynthesis                                      ; Off                ; Off                ;
; Auto ROM Replacement                                                       ; On                 ; On                 ;
; Auto RAM Replacement                                                       ; On                 ; On                 ;
; Auto DSP Block Replacement                                                 ; On                 ; On                 ;
; Auto Shift Register Replacement                                            ; Auto               ; Auto               ;
; Auto Clock Enable Replacement                                              ; On                 ; On                 ;
; Strict RAM Replacement                                                     ; Off                ; Off                ;
; Allow Synchronous Control Signals                                          ; On                 ; On                 ;
; Force Use of Synchronous Clear Signals                                     ; Off                ; Off                ;
; Auto RAM Block Balancing                                                   ; On                 ; On                 ;
; Auto RAM to Logic Cell Conversion                                          ; Off                ; Off                ;
; Auto Resource Sharing                                                      ; Off                ; Off                ;
; Allow Any RAM Size For Recognition                                         ; Off                ; Off                ;
; Allow Any ROM Size For Recognition                                         ; Off                ; Off                ;
; Allow Any Shift Register Size For Recognition                              ; Off                ; Off                ;
; Use LogicLock Constraints during Resource Balancing                        ; On                 ; On                 ;
; Ignore translate_off and synthesis_off directives                          ; Off                ; Off                ;
; Timing-Driven Synthesis                                                    ; On                 ; On                 ;
; Show Parameter Settings Tables in Synthesis Report                         ; On                 ; On                 ;
; Ignore Maximum Fan-Out Assignments                                         ; Off                ; Off                ;
; Synchronization Register Chain Length                                      ; 2                  ; 2                  ;
; PowerPlay Power Optimization                                               ; Normal compilation ; Normal compilation ;
; HDL message level                                                          ; Level2             ; Level2             ;
; Suppress Register Optimization Related Messages                            ; Off                ; Off                ;
; Number of Removed Registers Reported in Synthesis Report                   ; 5000               ; 5000               ;
; Number of Inverted Registers Reported in Synthesis Report                  ; 100                ; 100                ;
; Clock MUX Protection                                                       ; On                 ; On                 ;
; Auto Gated Clock Conversion                                                ; Off                ; Off                ;
; Block Design Naming                                                        ; Auto               ; Auto               ;
; SDC constraint protection                                                  ; Off                ; Off                ;
; Synthesis Effort                                                           ; Auto               ; Auto               ;
; Shift Register Replacement - Allow Asynchronous Clear Signal               ; On                 ; On                 ;
; Analysis & Synthesis Message Level                                         ; Medium             ; Medium             ;
; Disable Register Merging Across Hierarchies                                ; Auto               ; Auto               ;
; Resource Aware Inference For Block RAM                                     ; On                 ; On                 ;
+----------------------------------------------------------------------------+--------------------+--------------------+


Parallel compilation was disabled, but you have multiple processors available. Enable parallel compilation to reduce compilation time.
+-------------------------------------+
; Parallel Compilation                ;
+----------------------------+--------+
; Processors                 ; Number ;
+----------------------------+--------+
; Number detected on machine ; 4      ;
; Maximum allowed            ; 1      ;
+----------------------------+--------+


+-------------------------------+
; Analysis & Synthesis Messages ;
+-------------------------------+
Info: *******************************************************************
Info: Running Quartus II Analysis & Synthesis
    Info: Version 9.1 Build 350 03/24/2010 Service Pack 2 SJ Web Edition
    Info: Processing started: Thu Sep 25 12:59:31 2025
Info: Command: quartus_map --read_settings_files=on --write_settings_files=off practica3 -c practica3
Info: Found 2 design units, including 1 entities, in source file carta_asm.vhd
    Info: Found design unit 1: carta_asm_2-Behavioral
    Info: Found entity 1: carta_asm_2
Info: Found 2 design units, including 1 entities, in source file maquina2.vhd
    Info: Found design unit 1: sensa_boton-Behavioral
    Info: Found entity 1: sensa_boton
Info: Found 2 design units, including 1 entities, in source file memoria.vhd
    Info: Found design unit 1: memoria-Behavioral
    Info: Found entity 1: memoria
Info: Found 2 design units, including 1 entities, in source file reg6bit.vhd
    Info: Found design unit 1: register6-Behavioral
    Info: Found entity 1: register6
Info: Found 2 design units, including 1 entities, in source file conector4x6a6bit.vhd
    Info: Found design unit 1: conector4x2a6-Behavioral
    Info: Found entity 1: conector4x2a6
Info: Found 2 design units, including 1 entities, in source file conector8a4x4bit.vhd
    Info: Found design unit 1: conector8a4x4-Behavioral
    Info: Found entity 1: conector8a4x4
Info: Found 2 design units, including 1 entities, in source file reg3bit.vhd
    Info: Found design unit 1: register4-Behavioral
    Info: Found entity 1: register4
Info: Found 1 design units, including 1 entities, in source file practica3.bdf
    Info: Found entity 1: practica3
Info: Elaborating entity "practica3" for the top level hierarchy
Warning: Pin "pin_name7" is missing source
Warning: Pin "pin_name8" is missing source
Warning: Pin "pin_name9" is missing source
Warning: Pin "pin_name" is missing source
Warning: Pin "pin_name12" is missing source
Warning: Pin "pin_name13" is missing source
Warning: Pin "pin_name14" is missing source
Warning: Pin "pin_name15" is missing source
Warning: Port "clk" of type register6 and instance "inst5" is missing source signal
Warning: Port "clk" of type register4 and instance "inst6" is missing source signal
Info: Elaborating entity "sensa_boton" for hierarchy "sensa_boton:inst1"
Warning (10492): VHDL Process Statement warning at maquina2.vhd(21): signal "clk" is read inside the Process Statement but isn't in the Process Statement's sensitivity list
Warning: Using design file divider.vhd, which is not specified as a design file for the current project, but contains definitions for 2 design units and 1 entities in project
    Info: Found design unit 1: divider-Behavioral
    Info: Found entity 1: divider
Info: Elaborating entity "divider" for hierarchy "divider:inst"
Info: Elaborating entity "conector4x2a6" for hierarchy "conector4x2a6:inst2"
Info: Elaborating entity "conector8a4x4" for hierarchy "conector8a4x4:inst3"
Info: Elaborating entity "memoria" for hierarchy "memoria:inst4"
Warning (10631): VHDL Process Statement warning at memoria.vhd(13): inferring latch(es) for signal or variable "output", which holds its previous value in one or more paths through the process
Info (10041): Inferred latch for "output[0]" at memoria.vhd(13)
Info (10041): Inferred latch for "output[1]" at memoria.vhd(13)
Info (10041): Inferred latch for "output[2]" at memoria.vhd(13)
Info (10041): Inferred latch for "output[3]" at memoria.vhd(13)
Info (10041): Inferred latch for "output[4]" at memoria.vhd(13)
Info (10041): Inferred latch for "output[5]" at memoria.vhd(13)
Info (10041): Inferred latch for "output[6]" at memoria.vhd(13)
Info (10041): Inferred latch for "output[7]" at memoria.vhd(13)
Info: Elaborating entity "register6" for hierarchy "register6:inst5"
Info: Elaborating entity "register4" for hierarchy "register4:inst6"
Error (10324): VHDL Expression error at reg3bit.vhd(15): expression ""000000"" has 6 elements ; expected 4 elements. File: C:/Users/User/Downloads/Tatul/Maestría/Arquitectura de Computadoras/3/reg3bit.vhd Line: 15
Error: Can't elaborate user hierarchy "register4:inst6"
Error: Quartus II Analysis & Synthesis was unsuccessful. 2 errors, 13 warnings
    Error: Peak virtual memory: 237 megabytes
    Error: Processing ended: Thu Sep 25 12:59:33 2025
    Error: Elapsed time: 00:00:02
    Error: Total CPU time (on all processors): 00:00:01


